<?xml version="1.0" encoding="UTF-8"?>
<testsuite xmlns:xsi="http://www.w3.org/2001/XMLSchema-instance" xsi:noNamespaceSchemaLocation="https://maven.apache.org/surefire/maven-surefire-plugin/xsd/surefire-test-report.xsd" name="runners.testRunner" time="73.722" tests="24" errors="0" skipped="0" failures="0">
  <properties>
    <property name="sun.desktop" value="windows"/>
    <property name="awt.toolkit" value="sun.awt.windows.WToolkit"/>
    <property name="file.encoding.pkg" value="sun.io"/>
    <property name="java.specification.version" value="1.8"/>
    <property name="sun.cpu.isalist" value="amd64"/>
    <property name="sun.jnu.encoding" value="Cp1252"/>
    <property name="java.class.path" value="C:\repositories\ryanirGit\target\test-classes;C:\repositories\ryanirGit\target\classes;C:\Users\mmunozsanz\.m2\repository\junit\junit\4.12\junit-4.12.jar;C:\Users\mmunozsanz\.m2\repository\org\hamcrest\hamcrest-core\1.3\hamcrest-core-1.3.jar;C:\Users\mmunozsanz\.m2\repository\org\seleniumhq\selenium\selenium-java\3.11.0\selenium-java-3.11.0.jar;C:\Users\mmunozsanz\.m2\repository\org\seleniumhq\selenium\selenium-api\3.11.0\selenium-api-3.11.0.jar;C:\Users\mmunozsanz\.m2\repository\org\seleniumhq\selenium\selenium-chrome-driver\3.11.0\selenium-chrome-driver-3.11.0.jar;C:\Users\mmunozsanz\.m2\repository\org\seleniumhq\selenium\selenium-edge-driver\3.11.0\selenium-edge-driver-3.11.0.jar;C:\Users\mmunozsanz\.m2\repository\org\seleniumhq\selenium\selenium-firefox-driver\3.11.0\selenium-firefox-driver-3.11.0.jar;C:\Users\mmunozsanz\.m2\repository\org\seleniumhq\selenium\selenium-ie-driver\3.11.0\selenium-ie-driver-3.11.0.jar;C:\Users\mmunozsanz\.m2\repository\org\seleniumhq\selenium\selenium-opera-driver\3.11.0\selenium-opera-driver-3.11.0.jar;C:\Users\mmunozsanz\.m2\repository\org\seleniumhq\selenium\selenium-remote-driver\3.11.0\selenium-remote-driver-3.11.0.jar;C:\Users\mmunozsanz\.m2\repository\org\seleniumhq\selenium\selenium-safari-driver\3.11.0\selenium-safari-driver-3.11.0.jar;C:\Users\mmunozsanz\.m2\repository\org\seleniumhq\selenium\selenium-support\3.11.0\selenium-support-3.11.0.jar;C:\Users\mmunozsanz\.m2\repository\net\bytebuddy\byte-buddy\1.7.9\byte-buddy-1.7.9.jar;C:\Users\mmunozsanz\.m2\repository\org\apache\commons\commons-exec\1.3\commons-exec-1.3.jar;C:\Users\mmunozsanz\.m2\repository\commons-codec\commons-codec\1.10\commons-codec-1.10.jar;C:\Users\mmunozsanz\.m2\repository\commons-logging\commons-logging\1.2\commons-logging-1.2.jar;C:\Users\mmunozsanz\.m2\repository\com\google\code\gson\gson\2.8.2\gson-2.8.2.jar;C:\Users\mmunozsanz\.m2\repository\com\google\guava\guava\23.6-jre\guava-23.6-jre.jar;C:\Users\mmunozsanz\.m2\repository\com\google\code\findbugs\jsr305\1.3.9\jsr305-1.3.9.jar;C:\Users\mmunozsanz\.m2\repository\org\checkerframework\checker-compat-qual\2.0.0\checker-compat-qual-2.0.0.jar;C:\Users\mmunozsanz\.m2\repository\com\google\errorprone\error_prone_annotations\2.1.3\error_prone_annotations-2.1.3.jar;C:\Users\mmunozsanz\.m2\repository\com\google\j2objc\j2objc-annotations\1.1\j2objc-annotations-1.1.jar;C:\Users\mmunozsanz\.m2\repository\org\codehaus\mojo\animal-sniffer-annotations\1.14\animal-sniffer-annotations-1.14.jar;C:\Users\mmunozsanz\.m2\repository\org\apache\httpcomponents\httpclient\4.5.3\httpclient-4.5.3.jar;C:\Users\mmunozsanz\.m2\repository\org\apache\httpcomponents\httpcore\4.4.6\httpcore-4.4.6.jar;C:\Users\mmunozsanz\.m2\repository\com\squareup\okhttp3\okhttp\3.9.1\okhttp-3.9.1.jar;C:\Users\mmunozsanz\.m2\repository\com\squareup\okio\okio\1.13.0\okio-1.13.0.jar;C:\Users\mmunozsanz\.m2\repository\info\cukes\cucumber-junit\1.2.5\cucumber-junit-1.2.5.jar;C:\Users\mmunozsanz\.m2\repository\info\cukes\cucumber-core\1.2.5\cucumber-core-1.2.5.jar;C:\Users\mmunozsanz\.m2\repository\info\cukes\cucumber-html\0.2.3\cucumber-html-0.2.3.jar;C:\Users\mmunozsanz\.m2\repository\info\cukes\cucumber-java\1.2.5\cucumber-java-1.2.5.jar;C:\Users\mmunozsanz\.m2\repository\info\cukes\cucumber-picocontainer\1.2.5\cucumber-picocontainer-1.2.5.jar;C:\Users\mmunozsanz\.m2\repository\info\cukes\cucumber-jvm-deps\1.0.5\cucumber-jvm-deps-1.0.5.jar;C:\Users\mmunozsanz\.m2\repository\info\cukes\gherkin\2.12.2\gherkin-2.12.2.jar;C:\Users\mmunozsanz\.m2\repository\org\picocontainer\picocontainer\2.15\picocontainer-2.15.jar;C:\Users\mmunozsanz\.m2\repository\io\github\bonigarcia\webdrivermanager\3.5.0\webdrivermanager-3.5.0.jar;C:\Users\mmunozsanz\.m2\repository\org\slf4j\slf4j-api\1.7.25\slf4j-api-1.7.25.jar;C:\Users\mmunozsanz\.m2\repository\commons-io\commons-io\2.6\commons-io-2.6.jar;C:\Users\mmunozsanz\.m2\repository\org\apache\commons\commons-lang3\3.8.1\commons-lang3-3.8.1.jar;C:\Users\mmunozsanz\.m2\repository\org\rauschig\jarchivelib\1.0.0\jarchivelib-1.0.0.jar;C:\Users\mmunozsanz\.m2\repository\org\apache\commons\commons-compress\1.18\commons-compress-1.18.jar;C:\Users\mmunozsanz\.m2\repository\org\jsoup\jsoup\1.11.3\jsoup-1.11.3.jar;"/>
    <property name="java.vm.vendor" value="Oracle Corporation"/>
    <property name="sun.arch.data.model" value="64"/>
    <property name="user.variant" value=""/>
    <property name="java.vendor.url" value="http://java.oracle.com/"/>
    <property name="user.timezone" value=""/>
    <property name="java.vm.specification.version" value="1.8"/>
    <property name="os.name" value="Windows 10"/>
    <property name="user.country" value="US"/>
    <property name="sun.java.launcher" value="SUN_STANDARD"/>
    <property name="sun.boot.library.path" value="C:\Program Files\Java\jdk1.8.0_202\jre\bin"/>
    <property name="sun.java.command" value="C:\Users\MMUNOZ~1\AppData\Local\Temp\surefire2062259093433070677\surefirebooter8442518299044678845.jar C:\Users\mmunozsanz\AppData\Local\Temp\surefire2062259093433070677 2019-08-19T18-18-34_672-jvmRun1 surefire4347031700795802202tmp surefire_01625608128285890108tmp"/>
    <property name="surefire.test.class.path" value="C:\repositories\ryanirGit\target\test-classes;C:\repositories\ryanirGit\target\classes;C:\Users\mmunozsanz\.m2\repository\junit\junit\4.12\junit-4.12.jar;C:\Users\mmunozsanz\.m2\repository\org\hamcrest\hamcrest-core\1.3\hamcrest-core-1.3.jar;C:\Users\mmunozsanz\.m2\repository\org\seleniumhq\selenium\selenium-java\3.11.0\selenium-java-3.11.0.jar;C:\Users\mmunozsanz\.m2\repository\org\seleniumhq\selenium\selenium-api\3.11.0\selenium-api-3.11.0.jar;C:\Users\mmunozsanz\.m2\repository\org\seleniumhq\selenium\selenium-chrome-driver\3.11.0\selenium-chrome-driver-3.11.0.jar;C:\Users\mmunozsanz\.m2\repository\org\seleniumhq\selenium\selenium-edge-driver\3.11.0\selenium-edge-driver-3.11.0.jar;C:\Users\mmunozsanz\.m2\repository\org\seleniumhq\selenium\selenium-firefox-driver\3.11.0\selenium-firefox-driver-3.11.0.jar;C:\Users\mmunozsanz\.m2\repository\org\seleniumhq\selenium\selenium-ie-driver\3.11.0\selenium-ie-driver-3.11.0.jar;C:\Users\mmunozsanz\.m2\repository\org\seleniumhq\selenium\selenium-opera-driver\3.11.0\selenium-opera-driver-3.11.0.jar;C:\Users\mmunozsanz\.m2\repository\org\seleniumhq\selenium\selenium-remote-driver\3.11.0\selenium-remote-driver-3.11.0.jar;C:\Users\mmunozsanz\.m2\repository\org\seleniumhq\selenium\selenium-safari-driver\3.11.0\selenium-safari-driver-3.11.0.jar;C:\Users\mmunozsanz\.m2\repository\org\seleniumhq\selenium\selenium-support\3.11.0\selenium-support-3.11.0.jar;C:\Users\mmunozsanz\.m2\repository\net\bytebuddy\byte-buddy\1.7.9\byte-buddy-1.7.9.jar;C:\Users\mmunozsanz\.m2\repository\org\apache\commons\commons-exec\1.3\commons-exec-1.3.jar;C:\Users\mmunozsanz\.m2\repository\commons-codec\commons-codec\1.10\commons-codec-1.10.jar;C:\Users\mmunozsanz\.m2\repository\commons-logging\commons-logging\1.2\commons-logging-1.2.jar;C:\Users\mmunozsanz\.m2\repository\com\google\code\gson\gson\2.8.2\gson-2.8.2.jar;C:\Users\mmunozsanz\.m2\repository\com\google\guava\guava\23.6-jre\guava-23.6-jre.jar;C:\Users\mmunozsanz\.m2\repository\com\google\code\findbugs\jsr305\1.3.9\jsr305-1.3.9.jar;C:\Users\mmunozsanz\.m2\repository\org\checkerframework\checker-compat-qual\2.0.0\checker-compat-qual-2.0.0.jar;C:\Users\mmunozsanz\.m2\repository\com\google\errorprone\error_prone_annotations\2.1.3\error_prone_annotations-2.1.3.jar;C:\Users\mmunozsanz\.m2\repository\com\google\j2objc\j2objc-annotations\1.1\j2objc-annotations-1.1.jar;C:\Users\mmunozsanz\.m2\repository\org\codehaus\mojo\animal-sniffer-annotations\1.14\animal-sniffer-annotations-1.14.jar;C:\Users\mmunozsanz\.m2\repository\org\apache\httpcomponents\httpclient\4.5.3\httpclient-4.5.3.jar;C:\Users\mmunozsanz\.m2\repository\org\apache\httpcomponents\httpcore\4.4.6\httpcore-4.4.6.jar;C:\Users\mmunozsanz\.m2\repository\com\squareup\okhttp3\okhttp\3.9.1\okhttp-3.9.1.jar;C:\Users\mmunozsanz\.m2\repository\com\squareup\okio\okio\1.13.0\okio-1.13.0.jar;C:\Users\mmunozsanz\.m2\repository\info\cukes\cucumber-junit\1.2.5\cucumber-junit-1.2.5.jar;C:\Users\mmunozsanz\.m2\repository\info\cukes\cucumber-core\1.2.5\cucumber-core-1.2.5.jar;C:\Users\mmunozsanz\.m2\repository\info\cukes\cucumber-html\0.2.3\cucumber-html-0.2.3.jar;C:\Users\mmunozsanz\.m2\repository\info\cukes\cucumber-java\1.2.5\cucumber-java-1.2.5.jar;C:\Users\mmunozsanz\.m2\repository\info\cukes\cucumber-picocontainer\1.2.5\cucumber-picocontainer-1.2.5.jar;C:\Users\mmunozsanz\.m2\repository\info\cukes\cucumber-jvm-deps\1.0.5\cucumber-jvm-deps-1.0.5.jar;C:\Users\mmunozsanz\.m2\repository\info\cukes\gherkin\2.12.2\gherkin-2.12.2.jar;C:\Users\mmunozsanz\.m2\repository\org\picocontainer\picocontainer\2.15\picocontainer-2.15.jar;C:\Users\mmunozsanz\.m2\repository\io\github\bonigarcia\webdrivermanager\3.5.0\webdrivermanager-3.5.0.jar;C:\Users\mmunozsanz\.m2\repository\org\slf4j\slf4j-api\1.7.25\slf4j-api-1.7.25.jar;C:\Users\mmunozsanz\.m2\repository\commons-io\commons-io\2.6\commons-io-2.6.jar;C:\Users\mmunozsanz\.m2\repository\org\apache\commons\commons-lang3\3.8.1\commons-lang3-3.8.1.jar;C:\Users\mmunozsanz\.m2\repository\org\rauschig\jarchivelib\1.0.0\jarchivelib-1.0.0.jar;C:\Users\mmunozsanz\.m2\repository\org\apache\commons\commons-compress\1.18\commons-compress-1.18.jar;C:\Users\mmunozsanz\.m2\repository\org\jsoup\jsoup\1.11.3\jsoup-1.11.3.jar;"/>
    <property name="sun.cpu.endian" value="little"/>
    <property name="user.home" value="C:\Users\mmunozsanz"/>
    <property name="user.language" value="en"/>
    <property name="java.specification.vendor" value="Oracle Corporation"/>
    <property name="java.home" value="C:\Program Files\Java\jdk1.8.0_202\jre"/>
    <property name="basedir" value="C:\repositories\ryanirGit"/>
    <property name="file.separator" value="\"/>
    <property name="line.separator" value="&#10;"/>
    <property name="java.vm.specification.vendor" value="Oracle Corporation"/>
    <property name="java.specification.name" value="Java Platform API Specification"/>
    <property name="java.awt.graphicsenv" value="sun.awt.Win32GraphicsEnvironment"/>
    <property name="surefire.real.class.path" value="C:\Users\MMUNOZ~1\AppData\Local\Temp\surefire2062259093433070677\surefirebooter8442518299044678845.jar"/>
    <property name="sun.boot.class.path" value="C:\Program Files\Java\jdk1.8.0_202\jre\lib\resources.jar;C:\Program Files\Java\jdk1.8.0_202\jre\lib\rt.jar;C:\Program Files\Java\jdk1.8.0_202\jre\lib\sunrsasign.jar;C:\Program Files\Java\jdk1.8.0_202\jre\lib\jsse.jar;C:\Program Files\Java\jdk1.8.0_202\jre\lib\jce.jar;C:\Program Files\Java\jdk1.8.0_202\jre\lib\charsets.jar;C:\Program Files\Java\jdk1.8.0_202\jre\lib\jfr.jar;C:\Program Files\Java\jdk1.8.0_202\jre\classes"/>
    <property name="user.script" value=""/>
    <property name="sun.management.compiler" value="HotSpot 64-Bit Tiered Compilers"/>
    <property name="java.runtime.version" value="1.8.0_202-b08"/>
    <property name="user.name" value="mmunozsanz"/>
    <property name="path.separator" value=";"/>
    <property name="os.version" value="10.0"/>
    <property name="java.endorsed.dirs" value="C:\Program Files\Java\jdk1.8.0_202\jre\lib\endorsed"/>
    <property name="java.runtime.name" value="Java(TM) SE Runtime Environment"/>
    <property name="file.encoding" value="Cp1252"/>
    <property name="java.vm.name" value="Java HotSpot(TM) 64-Bit Server VM"/>
    <property name="localRepository" value="C:\Users\mmunozsanz\.m2\repository"/>
    <property name="java.vendor.url.bug" value="http://bugreport.sun.com/bugreport/"/>
    <property name="java.io.tmpdir" value="C:\Users\MMUNOZ~1\AppData\Local\Temp\"/>
    <property name="idea.version" value="2017.3.4"/>
    <property name="java.version" value="1.8.0_202"/>
    <property name="user.dir" value="C:\repositories\ryanirGit"/>
    <property name="os.arch" value="amd64"/>
    <property name="java.vm.specification.name" value="Java Virtual Machine Specification"/>
    <property name="java.awt.printerjob" value="sun.awt.windows.WPrinterJob"/>
    <property name="sun.os.patch.level" value=""/>
    <property name="java.library.path" value="C:\Program Files\Java\jdk1.8.0_202\jre\bin;C:\windows\Sun\Java\bin;C:\windows\system32;C:\windows;C:\Program Files (x86)\RSA SecurID Token Common;C:\Program Files (x86)\Common Files\Oracle\Java\javapath;C:\Program Files (x86)\Intel\Intel(R) Management Engine Components\iCLS\;C:\Program Files\Intel\Intel(R) Management Engine Components\iCLS\;C:\windows\system32;C:\windows;C:\windows\System32\Wbem;C:\windows\System32\WindowsPowerShell\v1.0\;C:\windows\System32\OpenSSH\;C:\Program Files (x86)\Intel\Intel(R) Management Engine Components\DAL;C:\Program Files\Intel\Intel(R) Management Engine Components\DAL;C:\Program Files (x86)\Intel\Intel(R) Management Engine Components\IPT;C:\Program Files\Intel\Intel(R) Management Engine Components\IPT;C:\Program Files (x86)\Sennheiser\SoftphoneSDK\;C:\Users\mmunozsanz\OneDrive - Amadeus Workplace\software\apache-maven-3.5.2\bin;C:\Program Files (x86)\Webex\Webex\Applications;C:\Program Files\Intel\WiFi\bin\;C:\Program Files\Common Files\Intel\WirelessCommon\;C:\Users\mmunozsanz\AppData\Local\Microsoft\WindowsApps;C:\Program Files\Intel\WiFi\bin\;C:\Program Files\Common Files\Intel\WirelessCommon\;."/>
    <property name="java.vm.info" value="mixed mode"/>
    <property name="java.vendor" value="Oracle Corporation"/>
    <property name="java.vm.version" value="25.202-b08"/>
    <property name="java.ext.dirs" value="C:\Program Files\Java\jdk1.8.0_202\jre\lib\ext;C:\windows\Sun\Java\lib\ext"/>
    <property name="sun.io.unicode.encoding" value="UnicodeLittle"/>
    <property name="java.class.version" value="52.0"/>
  </properties>
  <testcase name="Given That I&apos;m in Ryanair site - search results for &quot;MAD&quot;-&quot;DUB&quot; flights on &quot;31&quot;/&quot;12&quot;/&quot;2019&quot;" classname="| Mr | mario | munoz | calle a | 28008 | madrid | Spain | 5555555555555557 | 1/2022 | 555 | mario munoz |" time="0.002"/>
  <testcase name="When I select the first flight in the list" classname="| Mr | mario | munoz | calle a | 28008 | madrid | Spain | 5555555555555557 | 1/2022 | 555 | mario munoz |" time="0"/>
  <testcase name="Then the standard fare option is displayed" classname="| Mr | mario | munoz | calle a | 28008 | madrid | Spain | 5555555555555557 | 1/2022 | 555 | mario munoz |" time="0"/>
  <testcase name="When I select the standard fare price" classname="| Mr | mario | munoz | calle a | 28008 | madrid | Spain | 5555555555555557 | 1/2022 | 555 | mario munoz |" time="0"/>
  <testcase name="Then The flight ticket is added to the basket" classname="| Mr | mario | munoz | calle a | 28008 | madrid | Spain | 5555555555555557 | 1/2022 | 555 | mario munoz |" time="0"/>
  <testcase name="When I click on Continue" classname="| Mr | mario | munoz | calle a | 28008 | madrid | Spain | 5555555555555557 | 1/2022 | 555 | mario munoz |" time="0.001"/>
  <testcase name="Then the choose allocation message is displayed" classname="| Mr | mario | munoz | calle a | 28008 | madrid | Spain | 5555555555555557 | 1/2022 | 555 | mario munoz |" time="0"/>
  <testcase name="When I click on random allocation button" classname="| Mr | mario | munoz | calle a | 28008 | madrid | Spain | 5555555555555557 | 1/2022 | 555 | mario munoz |" time="0"/>
  <testcase name="Then the seat selection dialog disappears" classname="| Mr | mario | munoz | calle a | 28008 | madrid | Spain | 5555555555555557 | 1/2022 | 555 | mario munoz |" time="0"/>
  <testcase name="And the cabin bag options are displayed" classname="| Mr | mario | munoz | calle a | 28008 | madrid | Spain | 5555555555555557 | 1/2022 | 555 | mario munoz |" time="0"/>
  <testcase name="When I select the small bag option" classname="| Mr | mario | munoz | calle a | 28008 | madrid | Spain | 5555555555555557 | 1/2022 | 555 | mario munoz |" time="0"/>
  <testcase name="Then the continue button is enabled" classname="| Mr | mario | munoz | calle a | 28008 | madrid | Spain | 5555555555555557 | 1/2022 | 555 | mario munoz |" time="0"/>
  <testcase name="When I click on Continue in priority boarding page" classname="| Mr | mario | munoz | calle a | 28008 | madrid | Spain | 5555555555555557 | 1/2022 | 555 | mario munoz |" time="0"/>
  <testcase name="Then The check out button is available" classname="| Mr | mario | munoz | calle a | 28008 | madrid | Spain | 5555555555555557 | 1/2022 | 555 | mario munoz |" time="0"/>
  <testcase name="When I click the check out button" classname="| Mr | mario | munoz | calle a | 28008 | madrid | Spain | 5555555555555557 | 1/2022 | 555 | mario munoz |" time="0"/>
  <testcase name="Then The sign up and log in buttons at payment page are displayed" classname="| Mr | mario | munoz | calle a | 28008 | madrid | Spain | 5555555555555557 | 1/2022 | 555 | mario munoz |" time="0"/>
  <testcase name="When I Log in from the payment page with email &quot;ryanair_automation_test@mailinator.com&quot; and password &quot;Ab123456&quot;" classname="| Mr | mario | munoz | calle a | 28008 | madrid | Spain | 5555555555555557 | 1/2022 | 555 | mario munoz |" time="0"/>
  <testcase name="Then The payment form is displayed" classname="| Mr | mario | munoz | calle a | 28008 | madrid | Spain | 5555555555555557 | 1/2022 | 555 | mario munoz |" time="0"/>
  <testcase name="Given I am at payment page" classname="| Mr | mario | munoz | calle a | 28008 | madrid | Spain | 5555555555555557 | 1/2022 | 555 | mario munoz |" time="0"/>
  <testcase name="When I fill the customer data form with &quot;Mr&quot;, &quot;mario&quot;, &quot;munoz&quot;, &quot;calle a&quot;, &quot;28008&quot;, &quot;madrid&quot; and &quot;Spain&quot;" classname="| Mr | mario | munoz | calle a | 28008 | madrid | Spain | 5555555555555557 | 1/2022 | 555 | mario munoz |" time="0"/>
  <testcase name="And I fill the payment form with &quot;5555555555555557&quot;, &quot;1/2022&quot;, &quot;555&quot; and &quot;mario munoz&quot;" classname="| Mr | mario | munoz | calle a | 28008 | madrid | Spain | 5555555555555557 | 1/2022 | 555 | mario munoz |" time="0"/>
  <testcase name="And I accept the terms and click on pay" classname="| Mr | mario | munoz | calle a | 28008 | madrid | Spain | 5555555555555557 | 1/2022 | 555 | mario munoz |" time="0"/>
  <testcase name="Then An error message is displayed with the following text: &quot;As your payment was not authorised we could not complete your reservation. Please ensure that the information was correct or use a new payment to try again&quot;" classname="| Mr | mario | munoz | calle a | 28008 | madrid | Spain | 5555555555555557 | 1/2022 | 555 | mario munoz |" time="0"/>
  <testcase name="| Mr | mario | munoz | calle a | 28008 | madrid | Spain | 5555555555555557 | 1/2022 | 555 | mario munoz |" classname="| Mr | mario | munoz | calle a | 28008 | madrid | Spain | 5555555555555557 | 1/2022 | 555 | mario munoz |" time="2.942"/>
</testsuite>